<?xml version="1.0" encoding="UTF-8"?>
<!-- Generated by org.testng.reporters.JUnitXMLReporter -->
<testsuite ignored="0" hostname="LAPTOP-NPK9TD8S" failures="0" tests="3" name="Default test" time="29.86" errors="0" timestamp="29 Apr 2023 06:39:13 GMT">
  <testcase classname="testcases.LoginTest" name="test1" time="7.349"/>
  <testcase classname="testcases.LoginTest" name="test2" time="6.481"/>
  <testcase classname="testcases.LoginTest" name="test4" time="6.548"/>
</testsuite> <!-- Default test -->
