<?xml version="1.0" encoding="UTF-8"?>
<testng-results ignored="0" total="3" passed="3" failed="0" skipped="0">
  <reporter-output>
  </reporter-output>
  <suite started-at="2023-04-30T05:15:06Z" name="Suite" finished-at="2023-04-30T05:15:44Z" duration-ms="37397">
    <groups>
    </groups>
    <test started-at="2023-04-30T05:15:06Z" name="Test" finished-at="2023-04-30T05:15:44Z" duration-ms="37397">
      <class name="testcases.LoginTest">
        <test-method is-config="true" signature="ReportSetup()[pri:0, instance:testcases.LoginTest@c7045b9]" started-at="2023-04-30T05:15:06Z" name="ReportSetup" finished-at="2023-04-30T05:15:07Z" duration-ms="1131" status="PASS">
          <reporter-output>
          </reporter-output>
        </test-method> <!-- ReportSetup -->
        <test-method is-config="true" signature="SetUp(java.lang.reflect.Method)[pri:0, instance:testcases.LoginTest@c7045b9]" started-at="2023-04-30T05:15:07Z" name="SetUp" finished-at="2023-04-30T05:15:14Z" duration-ms="6328" status="PASS">
          <params>
            <param index="0">
              <value>
                <![CDATA[public void testcases.LoginTest.test1()]]>
              </value>
            </param>
          </params>
          <reporter-output>
          </reporter-output>
        </test-method> <!-- SetUp -->
        <test-method signature="test1()[pri:0, instance:testcases.LoginTest@c7045b9]" started-at="2023-04-30T05:15:14Z" name="test1" finished-at="2023-04-30T05:15:21Z" duration-ms="7098" status="PASS">
          <reporter-output>
          </reporter-output>
        </test-method> <!-- test1 -->
        <test-method is-config="true" signature="TearDown()[pri:0, instance:testcases.LoginTest@c7045b9]" started-at="2023-04-30T05:15:21Z" name="TearDown" finished-at="2023-04-30T05:15:21Z" duration-ms="340" status="PASS">
          <reporter-output>
          </reporter-output>
        </test-method> <!-- TearDown -->
        <test-method is-config="true" signature="SetUp(java.lang.reflect.Method)[pri:0, instance:testcases.LoginTest@c7045b9]" started-at="2023-04-30T05:15:21Z" name="SetUp" finished-at="2023-04-30T05:15:25Z" duration-ms="4339" status="PASS">
          <params>
            <param index="0">
              <value>
                <![CDATA[public void testcases.LoginTest.test2()]]>
              </value>
            </param>
          </params>
          <reporter-output>
          </reporter-output>
        </test-method> <!-- SetUp -->
        <test-method signature="test2()[pri:0, instance:testcases.LoginTest@c7045b9]" started-at="2023-04-30T05:15:25Z" name="test2" finished-at="2023-04-30T05:15:32Z" duration-ms="6572" status="PASS">
          <reporter-output>
          </reporter-output>
        </test-method> <!-- test2 -->
        <test-method is-config="true" signature="TearDown()[pri:0, instance:testcases.LoginTest@c7045b9]" started-at="2023-04-30T05:15:32Z" name="TearDown" finished-at="2023-04-30T05:15:32Z" duration-ms="374" status="PASS">
          <reporter-output>
          </reporter-output>
        </test-method> <!-- TearDown -->
        <test-method is-config="true" signature="SetUp(java.lang.reflect.Method)[pri:0, instance:testcases.LoginTest@c7045b9]" started-at="2023-04-30T05:15:32Z" name="SetUp" finished-at="2023-04-30T05:15:37Z" duration-ms="4124" status="PASS">
          <params>
            <param index="0">
              <value>
                <![CDATA[public void testcases.LoginTest.test4() throws com.codoid.products.exception.FilloException]]>
              </value>
            </param>
          </params>
          <reporter-output>
          </reporter-output>
        </test-method> <!-- SetUp -->
        <test-method signature="test4()[pri:0, instance:testcases.LoginTest@c7045b9]" started-at="2023-04-30T05:15:37Z" name="test4" finished-at="2023-04-30T05:15:43Z" duration-ms="6261" status="PASS">
          <reporter-output>
          </reporter-output>
        </test-method> <!-- test4 -->
        <test-method is-config="true" signature="TearDown()[pri:0, instance:testcases.LoginTest@c7045b9]" started-at="2023-04-30T05:15:43Z" name="TearDown" finished-at="2023-04-30T05:15:43Z" duration-ms="190" status="PASS">
          <reporter-output>
          </reporter-output>
        </test-method> <!-- TearDown -->
        <test-method is-config="true" signature="ReportClean()[pri:0, instance:testcases.LoginTest@c7045b9]" started-at="2023-04-30T05:15:43Z" name="ReportClean" finished-at="2023-04-30T05:15:44Z" duration-ms="603" status="PASS">
          <reporter-output>
          </reporter-output>
        </test-method> <!-- ReportClean -->
      </class> <!-- testcases.LoginTest -->
    </test> <!-- Test -->
  </suite> <!-- Suite -->
</testng-results>
