<?xml version="1.0" encoding="UTF-8"?>
<testng-results ignored="0" total="3" passed="3" failed="0" skipped="0">
  <reporter-output>
  </reporter-output>
  <suite started-at="2023-04-29T06:38:43Z" name="Default suite" finished-at="2023-04-29T06:39:13Z" duration-ms="29860">
    <groups>
    </groups>
    <test started-at="2023-04-29T06:38:43Z" name="Default test" finished-at="2023-04-29T06:39:13Z" duration-ms="29860">
      <class name="testcases.LoginTest">
        <test-method is-config="true" signature="ReportSetup()[pri:0, instance:testcases.LoginTest@1b45c0e]" started-at="2023-04-29T06:38:43Z" name="ReportSetup" finished-at="2023-04-29T06:38:44Z" duration-ms="634" status="PASS">
          <reporter-output>
          </reporter-output>
        </test-method> <!-- ReportSetup -->
        <test-method is-config="true" signature="SetUp(java.lang.reflect.Method)[pri:0, instance:testcases.LoginTest@1b45c0e]" started-at="2023-04-29T06:38:44Z" name="SetUp" finished-at="2023-04-29T06:38:48Z" duration-ms="4422" status="PASS">
          <params>
            <param index="0">
              <value>
                <![CDATA[public void testcases.LoginTest.test1()]]>
              </value>
            </param>
          </params>
          <reporter-output>
          </reporter-output>
        </test-method> <!-- SetUp -->
        <test-method signature="test1()[pri:0, instance:testcases.LoginTest@1b45c0e]" started-at="2023-04-29T06:38:48Z" name="test1" finished-at="2023-04-29T06:38:55Z" duration-ms="7349" status="PASS">
          <reporter-output>
          </reporter-output>
        </test-method> <!-- test1 -->
        <test-method is-config="true" signature="TearDown()[pri:0, instance:testcases.LoginTest@1b45c0e]" started-at="2023-04-29T06:38:55Z" name="TearDown" finished-at="2023-04-29T06:38:56Z" duration-ms="261" status="PASS">
          <reporter-output>
          </reporter-output>
        </test-method> <!-- TearDown -->
        <test-method is-config="true" signature="SetUp(java.lang.reflect.Method)[pri:0, instance:testcases.LoginTest@1b45c0e]" started-at="2023-04-29T06:38:56Z" name="SetUp" finished-at="2023-04-29T06:38:57Z" duration-ms="1755" status="PASS">
          <params>
            <param index="0">
              <value>
                <![CDATA[public void testcases.LoginTest.test2()]]>
              </value>
            </param>
          </params>
          <reporter-output>
          </reporter-output>
        </test-method> <!-- SetUp -->
        <test-method signature="test2()[pri:0, instance:testcases.LoginTest@1b45c0e]" started-at="2023-04-29T06:38:57Z" name="test2" finished-at="2023-04-29T06:39:04Z" duration-ms="6481" status="PASS">
          <reporter-output>
          </reporter-output>
        </test-method> <!-- test2 -->
        <test-method is-config="true" signature="TearDown()[pri:0, instance:testcases.LoginTest@1b45c0e]" started-at="2023-04-29T06:39:04Z" name="TearDown" finished-at="2023-04-29T06:39:04Z" duration-ms="259" status="PASS">
          <reporter-output>
          </reporter-output>
        </test-method> <!-- TearDown -->
        <test-method is-config="true" signature="SetUp(java.lang.reflect.Method)[pri:0, instance:testcases.LoginTest@1b45c0e]" started-at="2023-04-29T06:39:04Z" name="SetUp" finished-at="2023-04-29T06:39:06Z" duration-ms="1716" status="PASS">
          <params>
            <param index="0">
              <value>
                <![CDATA[public void testcases.LoginTest.test4() throws com.codoid.products.exception.FilloException]]>
              </value>
            </param>
          </params>
          <reporter-output>
          </reporter-output>
        </test-method> <!-- SetUp -->
        <test-method signature="test4()[pri:0, instance:testcases.LoginTest@1b45c0e]" started-at="2023-04-29T06:39:06Z" name="test4" finished-at="2023-04-29T06:39:12Z" duration-ms="6548" status="PASS">
          <reporter-output>
          </reporter-output>
        </test-method> <!-- test4 -->
        <test-method is-config="true" signature="TearDown()[pri:0, instance:testcases.LoginTest@1b45c0e]" started-at="2023-04-29T06:39:12Z" name="TearDown" finished-at="2023-04-29T06:39:13Z" duration-ms="187" status="PASS">
          <reporter-output>
          </reporter-output>
        </test-method> <!-- TearDown -->
        <test-method is-config="true" signature="ReportClean()[pri:0, instance:testcases.LoginTest@1b45c0e]" started-at="2023-04-29T06:39:13Z" name="ReportClean" finished-at="2023-04-29T06:39:13Z" duration-ms="227" status="PASS">
          <reporter-output>
          </reporter-output>
        </test-method> <!-- ReportClean -->
      </class> <!-- testcases.LoginTest -->
    </test> <!-- Default test -->
  </suite> <!-- Default suite -->
</testng-results>
